================================================================================
Appcelerator Titanium Diagnostics Build Log
The contents of this file are useful to send to Appcelerator Support if
reporting an issue to help us understand your environment, build settings
and aid in debugging. Please attach this log to any issue that you report.
================================================================================

Starting build at 08/11/12 11:27

Build details:

   timestamp=05/30/12 10:21
   module_apiversion=2
   version=2.0.2
   githash=2ff31a3


Script arguments:
   /Users/chrono22031/Library/Application Support/Titanium/mobilesdk/osx/2.0.2.GA/iphone/builder.py
   simulator
   5.0
   /Users/chrono22031/Documents/Titanium Studio Workspace/The Matter of Memory_Version-2.0
   com.hectorleiva.matterofmemory
   The Matter
   universal
   iphone
   

Building from: /Users/chrono22031/Library/Application Support/Titanium/mobilesdk/osx/2.0.2.GA/iphone
Platform: Darwin Kernel Version 11.4.0: Mon Apr  9 19:32:15 PDT 2012; root:xnu-1699.26.8~1/RELEASE_X86_64

Xcode path is: /Developer


githash=2ff31a3, existing_git_hash=2ff31a3
writing contents of /Users/chrono22031/Documents/Titanium Studio Workspace/The Matter of Memory_Version-2.0/build/iphone/project.xcconfig:

TI_VERSION=2.0.2.GA
TI_SDK_DIR=/Users/chrono22031/Library/Application Support/Titanium/mobilesdk/osx/$(TI_VERSION)/iphone
TI_APPID=com.hectorleiva.matterofmemory
OTHER_LDFLAGS[sdk=iphoneos*]=$(inherited) -weak_framework iAd
OTHER_LDFLAGS[sdk=iphonesimulator*]=$(inherited) -weak_framework iAd
#include "module"

old contents


Generated the following stylecode code:

<?xml version="1.0" encoding="UTF-8"?>
<!DOCTYPE plist PUBLIC "-//Apple//DTD PLIST 1.0//EN" "http://www.apple.com/DTDs/PropertyList-1.0.dtd">
<plist version="1.0">
	<dict>
		<key>classes</key>
		<dict>
</dict>

		<key>classes_density</key>
		<dict>
</dict>

		<key>ids</key>
		<dict>
</dict>

		<key>ids_density</key>
		<dict>
</dict>

		<key>tags</key>
		<dict>
</dict>

		<key>tags_density</key>
		<dict>
</dict>

	</dict>
</plist>
Starting Xcode compile with the following arguments:

    xcodebuild
    -target
    The Matter-universal
    -configuration
    Debug
    -sdk
    iphonesimulator5.0
    GCC_PREPROCESSOR_DEFINITIONS=__LOG__ID__=3f51ea7d-6fc4-4c17-9193-0e0263c5b894 DEPLOYTYPE=development TI_DEVELOPMENT=1 DEBUG=1 TI_VERSION=2.0.2.GA  
    IPHONEOS_DEPLOYMENT_TARGET=4.0
    TARGETED_DEVICE_FAMILY=1,2
    VALID_ARCHS=armv6 armv7 i386

app_id = com.hectorleiva.matterofmemory


Build settings from command line:
    GCC_PREPROCESSOR_DEFINITIONS = __LOG__ID__=3f51ea7d-6fc4-4c17-9193-0e0263c5b894 DEPLOYTYPE=development TI_DEVELOPMENT=1 DEBUG=1 TI_VERSION=2.0.2.GA  
    IPHONEOS_DEPLOYMENT_TARGET = 4.0
    SDKROOT = iphonesimulator5.0
    TARGETED_DEVICE_FAMILY = 1,2
    VALID_ARCHS = armv6 armv7 i386

xcodebuild: error: The project 'The Matter of Memory_Version-2.0.xcodeproj' does not contain a target named 'The Matter-universal'.
EXIT CODE WAS: 65

Exception detected in script:
Traceback (most recent call last):
  File "/Users/chrono22031/Library/Application Support/Titanium/mobilesdk/osx/2.0.2.GA/iphone/builder.py", line 1318, in main
    execute_xcode("iphonesimulator%s" % link_version,["GCC_PREPROCESSOR_DEFINITIONS=__LOG__ID__=%s DEPLOYTYPE=development TI_DEVELOPMENT=1 DEBUG=1 TI_VERSION=%s %s %s" % (log_id,sdk_version,debugstr,kroll_coverage)],False)
  File "/Users/chrono22031/Library/Application Support/Titanium/mobilesdk/osx/2.0.2.GA/iphone/builder.py", line 1224, in execute_xcode
    output = run.run(args,False,False,o)
  File "/Users/chrono22031/Library/Application Support/Titanium/mobilesdk/osx/2.0.2.GA/iphone/run.py", line 41, in run
    sys.exit(rc)
SystemExit: 65
